
Showing logs for build [32mcb-kubecd-environment-pr-183-40-gmtv6-1[0m stage [32mfrom-build-pack[0m and container [32mstep-credential-initializer-ssfb8[0m
{"level":"warn","ts":1584434750.1650052,"logger":"fallback-logger","caller":"logging/config.go:69","msg":"Fetch GitHub commit ID from kodata failed: \"ref: refs/heads/0.8.0-**-support-backwards-incompats\" is not a valid GitHub commit ID"}
{"level":"info","ts":1584434750.165931,"logger":"fallback-logger","caller":"creds-init/main.go:40","msg":"Credentials initialized."}

Showing logs for build [32mcb-kubecd-environment-pr-183-40-gmtv6-1[0m stage [32mfrom-build-pack[0m and container [32mstep-working-dir-initializer-gbrjz[0m
{"level":"warn","ts":1584434751.5571604,"logger":"fallback-logger","caller":"logging/config.go:69","msg":"Fetch GitHub commit ID from kodata failed: open /var/run/ko/HEAD: no such file or directory"}
{"level":"info","ts":1584434751.5618014,"logger":"fallback-logger","caller":"bash/main.go:64","msg":"Successfully executed command \"sh -c mkdir -p /workspace/source\"; output "}

Showing logs for build [32mcb-kubecd-environment-pr-183-40-gmtv6-1[0m stage [32mfrom-build-pack[0m and container [32mstep-place-tools[0m

Showing logs for build [32mcb-kubecd-environment-pr-183-40-gmtv6-1[0m stage [32mfrom-build-pack[0m and container [32mstep-git-source-cb-kubecd-environment-pr-183-40-gmtv6-m9lc4[0m
{"level":"warn","ts":1584434755.666095,"logger":"fallback-logger","caller":"logging/config.go:69","msg":"Fetch GitHub commit ID from kodata failed: \"ref: refs/heads/0.8.0-**-support-backwards-incompats\" is not a valid GitHub commit ID"}
{"level":"info","ts":1584434756.6887844,"logger":"fallback-logger","caller":"git/git.go:103","msg":"Successfully cloned https://github.com/cb-kubecd/environment-pr-183-40-gke-upgrade-staging.git @ master in path /workspace/source"}

Showing logs for build [32mcb-kubecd-environment-pr-183-40-gmtv6-1[0m stage [32mfrom-build-pack[0m and container [32mstep-git-merge[0m
Using SHAs from PULL_REFS=master:4a1f77dd9cbf5c71eb5b755ac26a1e1fc03d6feb,1:c6f832fc730b97d865017c7b6d37487bcd687788
DEBUG: LC_ALL=C JX_LOG_LEVEL=error git fetch origin --unshallow c6f832fc730b97d865017c7b6d37487bcd687788: 4a1f77dd9cbf5c71eb5b755ac26a1e1fc03d6feb:
DEBUG: ran git fetch --unshallow origin c6f832fc730b97d865017c7b6d37487bcd687788: 4a1f77dd9cbf5c71eb5b755ac26a1e1fc03d6feb: in 
DEBUG: LC_ALL=C JX_LOG_LEVEL=error git branch
DEBUG: LC_ALL=C JX_LOG_LEVEL=error git checkout master
DEBUG: ran git checkout master in 
DEBUG: LC_ALL=C JX_LOG_LEVEL=error git reset --hard 4a1f77dd9cbf5c71eb5b755ac26a1e1fc03d6feb
DEBUG: ran git reset --hard 4a1f77dd9cbf5c71eb5b755ac26a1e1fc03d6feb in 
DEBUG: LC_ALL=C JX_LOG_LEVEL=error git clean -fd .
DEBUG: ran clean --force -d . in 
DEBUG: LC_ALL=C JX_LOG_LEVEL=error git merge c6f832fc730b97d865017c7b6d37487bcd687788
DEBUG: ran git merge c6f832fc730b97d865017c7b6d37487bcd687788 in 
DEBUG: JX_LOG_LEVEL=error LC_ALL=C git log --format=%H%x1f%an%x1f%ae%x1f%cn%x1f%ce%x1f%s%n%b%x1e 4a1f77dd9cbf5c71eb5b755ac26a1e1fc03d6feb..HEAD
Merged SHA c6f832fc730b97d865017c7b6d37487bcd687788 with commit message 'chore: Promote bdd-spring-1584434374 to version 0.0.2' into base branch master

Showing logs for build [32mcb-kubecd-environment-pr-183-40-gmtv6-1[0m stage [32mfrom-build-pack[0m and container [32mstep-build-helm-build[0m
WARNING: No $CHART_REPOSITORY defined so using the default value of: http://jenkins-x-chartmuseum:8080
Adding missing Helm repo: storage.googleapis.com https://storage.googleapis.com/chartmuseum.jenkins-x.io
WARNING: No secrets found on "helm/repos" due: reading the secret "helm/repos" from vault: no secret "helm/repos" not found in vault
Read credentials for https://storage.googleapis.com/chartmuseum.jenkins-x.io from vault helm/repos
Successfully added Helm repository storage.googleapis.com.
Adding missing Helm repo: jenkins-x-chartmuseum http://jenkins-x-chartmuseum:8080
WARNING: No secrets found on "helm/repos" due: reading the secret "helm/repos" from vault: no secret "helm/repos" not found in vault
Read credentials for http://jenkins-x-chartmuseum:8080 from vault helm/repos
Successfully added Helm repository jenkins-x-chartmuseum.
WARNING: No $CHART_REPOSITORY defined so using the default value of: http://jenkins-x-chartmuseum:8080
Adding missing Helm repo: chartmuseum.jenkins-x.io http://chartmuseum.jenkins-x.io
WARNING: No secrets found on "helm/repos" due: reading the secret "helm/repos" from vault: no secret "helm/repos" not found in vault
Read credentials for http://chartmuseum.jenkins-x.io from vault helm/repos
Successfully added Helm repository chartmuseum.jenkins-x.io.
